[25Aug2025 01:09:56.715] [main/INFO] [FabricLoader/GameProvider/]: Loading Minecraft 1.21.1 Arclight arclight-1.21.1-1.0.2-SNAPSHOT-bdf278a with Fabric Loader 0.17.2
mainEx[25Aug2025 01:09:56.750] [main/DEBUG] [FabricLoader/GamePatch/]: Found game constructor: net.minecraft.server.Main -> net/minecraft/server/Main
mainEx[25Aug2025 01:09:56.751] [main/DEBUG] [FabricLoader/GamePatch/]: Patching game constructor main([Ljava/lang/String;)V
mainEx[25Aug2025 01:09:56.751] [main/DEBUG] [FabricLoader/GamePatch/]: 20w22a+ detected, patching main method...
mainEx[25Aug2025 01:09:56.752] [main/DEBUG] [FabricLoader/GamePatch/]: Detected version above 20w22a
mainEx[25Aug2025 01:09:56.763] [main/DEBUG] [FabricLoader/GamePatch/]: Applying brand name hook to net/minecraft/server/MinecraftServer::getServerModName
mainEx[25Aug2025 01:09:56.798] [main/DEBUG] [FabricLoader/GamePatch/]: Patched 2 classs
mainEx[25Aug2025 01:09:57.167] [main/DEBUG] [FabricLoader/Discovery/]: Mod discovery time: 355.5 ms
mainEx[25Aug2025 01:09:57.272] [main/WARN] [FabricLoader/Resolution/]: Warnings were found!
 - Mod 'Concurrent Chunk Management Engine' (c2me) 0.3.0+alpha.0.320+1.21.1 conflicts with any version of mod 'Better chunk loading mod' (betterchunkloading), which is present with the following versions: 1.21-5.5!
	 - While this won't prevent you from starting the game, the developer(s) of mod 'Concurrent Chunk Management Engine' (c2me) have found that this combination may cause issues. You should remove one of the mods or check for updates that resolve the issue.
 - Mod 'Debugify' (debugify) 1.21.1+1.0 recommends any version of modmenu, which is missing!
	 - You should install any version of modmenu for the optimal experience.
mainEx[25Aug2025 01:09:57.272] [main/DEBUG] [FabricLoader/Resolution/]: Mod resolution time: 103.2 ms
mainEx[25Aug2025 01:09:57.274] [main/INFO] [FabricLoader/]: Loading 169 mods:
	- almanac 1.0.2
	- alternate-current 1.9.0
	- arclight 1.0.2-SNAPSHOT+bdf278a
	   \-- fabric-permissions-api-v0 0.3.1
	- betterchunkloading 1.21-5.5
	- betterdeserttemples 1.21.1-Fabric-4.1.5
	   \-- org_reflections_reflections 0.10.2
	- betterdungeons 1.21.1-Fabric-5.1.4
	   \-- org_reflections_reflections 0.10.2
	- betterendisland 1.21.1-Fabric-3.1.2
	   \-- org_reflections_reflections 0.10.2
	- betterfortresses 1.21.1-Fabric-3.1.5
	   \-- org_reflections_reflections 0.10.2
	- betterjungletemples 1.21.1-Fabric-3.1.2
	   \-- org_reflections_reflections 0.10.2
	- bettermineshafts 1.21.1-Fabric-5.1.1
	   \-- org_reflections_reflections 0.10.2
	- betteroceanmonuments 1.21.1-Fabric-4.1.2
	   \-- org_reflections_reflections 0.10.2
	- betterstrongholds 1.21.1-Fabric-5.1.3
	   \-- org_reflections_reflections 0.10.2
	- betterwitchhuts 1.21.1-Fabric-4.1.1
	   \-- org_reflections_reflections 0.10.2
	- bluemap 5.7
	   |-- com_flowpowered_flow-math 1.0.3
	   \-- de_bluecolored_bluenbt 3.3.0
	- c2me 0.3.0+alpha.0.320+1.21.1
	   |-- c2me-base 0.3.0+alpha.0.320+1.21.1
	   |-- c2me-client-uncapvd 0.3.0+alpha.0.320+1.21.1
	   |-- c2me-fixes-chunkio-threading-issues 0.3.0+alpha.0.320+1.21.1
	   |-- c2me-fixes-general-threading-issues 0.3.0+alpha.0.320+1.21.1
	   |-- c2me-fixes-worldgen-threading-issues 0.3.0+alpha.0.320+1.21.1
	   |-- c2me-fixes-worldgen-vanilla-bugs 0.3.0+alpha.0.320+1.21.1
	   |-- c2me-notickvd 0.3.0+alpha.0.320+1.21.1
	   |-- c2me-opts-allocs 0.3.0+alpha.0.320+1.21.1
	   |-- c2me-opts-chunk-access 0.3.0+alpha.0.320+1.21.1
	   |-- c2me-opts-chunkio 0.3.0+alpha.0.320+1.21.1
	   |-- c2me-opts-dfc 0.3.0+alpha.0.320+1.21.1
	   |-- c2me-opts-math 0.3.0+alpha.0.320+1.21.1
	   |-- c2me-opts-natives-math 0.3.0+alpha.0.320+1.21.1
	   |-- c2me-opts-scheduling 0.3.0+alpha.0.320+1.21.1
	   |-- c2me-opts-worldgen-general 0.3.0+alpha.0.320+1.21.1
	   |-- c2me-opts-worldgen-vanilla 0.3.0+alpha.0.320+1.21.1
	   |-- c2me-rewrites-chunk-serializer 0.3.0+alpha.0.320+1.21.1
	   |-- c2me-rewrites-chunk-system 0.3.0+alpha.0.320+1.21.1
	   |-- c2me-rewrites-chunkio 0.3.0+alpha.0.320+1.21.1
	   |-- c2me-server-utils 0.3.0+alpha.0.320+1.21.1
	   |-- c2me-threading-lighting 0.3.0+alpha.0.320+1.21.1
	   |-- com_electronwill_night-config_core 3.6.5
	   |-- com_electronwill_night-config_toml 3.6.5
	   |-- com_ibm_async_asyncutil 0.1.0
	   |-- io_reactivex_rxjava3_rxjava 3.1.8
	   |-- mixinsquared 0.2.0-beta.6
	   |-- net_objecthunter_exp4j 0.4.8
	   |-- org_jctools_jctools-core 4.0.5
	   \-- org_reactivestreams_reactive-streams 1.0.4
	- chunky 1.4.23
	- cloth-config 15.0.140
	   \-- cloth-basic-math 0.6.1
	- clumps 19.0.0.1
	- collective 8.3
	- cupboard 1.21-2.9
	- debugify 1.21.1+1.0
	- disconnect-packet-fix 2.0.0
	- doubledoors 7.1
	- fabric-api 0.116.5+1.21.1
	   |-- fabric-api-base 0.4.42+6573ed8c19
	   |-- fabric-api-lookup-api-v1 1.6.71+b559734419
	   |-- fabric-biome-api-v1 13.0.31+d527f9fd19
	   |-- fabric-block-api-v1 1.1.0+0bc3503219
	   |-- fabric-block-view-api-v2 1.0.11+ebb2264e19
	   |-- fabric-blockrenderlayer-v1 1.1.52+0af3f5a719
	   |-- fabric-client-tags-api-v1 1.1.15+6573ed8c19
	   |-- fabric-command-api-v1 1.2.49+f71b366f19
	   |-- fabric-command-api-v2 2.2.28+6ced4dd919
	   |-- fabric-commands-v0 0.2.66+df3654b319
	   |-- fabric-content-registries-v0 8.0.19+b559734419
	   |-- fabric-convention-tags-v1 2.1.5+7f945d5b19
	   |-- fabric-convention-tags-v2 2.11.1+a406e79519
	   |-- fabric-crash-report-info-v1 0.2.29+0af3f5a719
	   |-- fabric-data-attachment-api-v1 1.4.5+6116a37819
	   |-- fabric-data-generation-api-v1 20.2.33+37516cd619
	   |-- fabric-dimensions-v1 4.0.0+6fc22b9919
	   |-- fabric-entity-events-v1 1.8.0+2b27e0a419
	   |-- fabric-events-interaction-v0 0.7.13+ba9dae0619
	   |-- fabric-game-rule-api-v1 1.0.53+6ced4dd919
	   |-- fabric-item-api-v1 11.2.0+3b3cb2e819
	   |-- fabric-item-group-api-v1 4.1.7+def88e3a19
	   |-- fabric-key-binding-api-v1 1.0.47+0af3f5a719
	   |-- fabric-keybindings-v0 0.2.45+df3654b319
	   |-- fabric-lifecycle-events-v1 2.6.0+0865547519
	   |-- fabric-loot-api-v2 3.0.15+3f89f5a519
	   |-- fabric-loot-api-v3 1.0.3+3f89f5a519
	   |-- fabric-message-api-v1 6.0.14+8aaf3aca19
	   |-- fabric-model-loading-api-v1 2.1.0+b4d813fc19
	   |-- fabric-networking-api-v1 4.3.0+c7469b2119
	   |-- fabric-object-builder-api-v1 15.2.1+40875a9319
	   |-- fabric-particles-v1 4.0.2+6573ed8c19
	   |-- fabric-recipe-api-v1 5.0.14+248df81c19
	   |-- fabric-registry-sync-v0 5.3.1+e3eddc2119
	   |-- fabric-renderer-api-v1 3.4.1+b4d813fc19
	   |-- fabric-renderer-indigo 1.7.1+c705a49c19
	   |-- fabric-renderer-registries-v1 3.2.69+df3654b319
	   |-- fabric-rendering-data-attachment-v1 0.3.49+73761d2e19
	   |-- fabric-rendering-fluids-v1 3.1.6+1daea21519
	   |-- fabric-rendering-v0 1.1.72+df3654b319
	   |-- fabric-rendering-v1 5.1.0+ab4c25a019
	   |-- fabric-resource-conditions-api-v1 4.3.0+8dc279b119
	   |-- fabric-resource-loader-v0 1.3.1+5b5275af19
	   |-- fabric-screen-api-v1 2.0.25+8b68f1c719
	   |-- fabric-screen-handler-api-v1 1.3.90+b559734419
	   |-- fabric-sound-api-v1 1.0.23+6573ed8c19
	   |-- fabric-transfer-api-v1 5.4.3+c24bd99419
	   \-- fabric-transitive-access-wideners-v1 6.2.0+45b9699719
	- fabric-language-kotlin 1.13.4+kotlin.2.2.0
	   |-- org_jetbrains_kotlin_kotlin-reflect 2.2.0
	   |-- org_jetbrains_kotlin_kotlin-stdlib 2.2.0
	   |-- org_jetbrains_kotlin_kotlin-stdlib-jdk7 2.2.0
	   |-- org_jetbrains_kotlin_kotlin-stdlib-jdk8 2.2.0
	   |-- org_jetbrains_kotlinx_atomicfu-jvm 0.28.0
	   |-- org_jetbrains_kotlinx_kotlinx-coroutines-core-jvm 1.10.2
	   |-- org_jetbrains_kotlinx_kotlinx-coroutines-jdk8 1.10.2
	   |-- org_jetbrains_kotlinx_kotlinx-datetime-jvm 0.6.2
	   |-- org_jetbrains_kotlinx_kotlinx-io-bytestring-jvm 0.7.0
	   |-- org_jetbrains_kotlinx_kotlinx-io-core-jvm 0.7.0
	   |-- org_jetbrains_kotlinx_kotlinx-serialization-cbor-jvm 1.8.1
	   |-- org_jetbrains_kotlinx_kotlinx-serialization-core-jvm 1.8.1
	   \-- org_jetbrains_kotlinx_kotlinx-serialization-json-jvm 1.8.1
	- fabricloader 0.17.2
	   \-- mixinextras 0.5.0
	- faster-random 5.1.0
	- giantspawn 5.3
	- healingcampfire 6.2
	- infinitetrading 4.6
	- inventorytotem 3.4
	- java 23
	- krypton 0.2.8
	   \-- com_velocitypowered_velocity-native 3.3.0-SNAPSHOT
	- ksyxis 1.3.4
	- letmedespawn 1.5.0
	- lithium 0.15.0+mc1.21.1
	- lithostitched 1.4.11
	- minecraft 1.21.1
	- modernfix 5.24.3+mc1.21.1
	- mr_zombies_slowyou 1.1
	- noisium 2.3.0+mc1.21-1.21.1
	- otterlib 0.2.2.0+1.21.1-fabric
	- scalablelux 0.1.0+fabric.26c6e72
	- servercore 1.5.5+1.21.1
	   |-- fabric-permissions-api-v0 0.3.1
	   |-- org_yaml_snakeyaml 2.2
	   |-- placeholder-api 2.4.1+1.21
	   |-- space_arim_dazzleconf_dazzleconf-core 1.3.0-M2
	   \-- space_arim_dazzleconf_dazzleconf-ext-snakeyaml 1.3.0-M2
	- silk-all 1.10.7
	   |-- silk-commands 1.10.7
	   |-- silk-core 1.10.7
	   |-- silk-game 1.10.7
	   |-- silk-igui 1.10.7
	   |-- silk-nbt 1.10.7
	   |-- silk-network 1.10.7
	   \-- silk-persistence 1.10.7
	- sit-oth3r 1.2.4.7+1.21-1.21.1
	- skinrestorer 2.4.3+1.21-fabric
	   \-- org_mineskin_java-client 3.0.6-SNAPSHOT
	- smoothchunk 1.21-4.1
	- structureessentials 1.21-4.8
	- tectonic 3.0.10
	- threadtweak 0.1.5+mc1.21.1
	- veinminer 2.4.2
	   |-- de_miraculixx_core_dev 2.4.2
	   \-- fabric-permissions-api-v0 0.3.1
	- viabackwards 5.4.3-SNAPSHOT
	- viafabric 0.4.15+84-main
	   |-- cotton-client-commands 1.1.0+1.15.2
	   \-- viafabric-mc1211 0.4.15+84-main
	- viarewind 4.0.10-SNAPSHOT
	- viaversion 5.5.0-SNAPSHOT
	- villagernames 8.2
	- weary_wings 0.0.1
	- yet_another_config_lib_v3 3.7.1+1.21.1-fabric
	   |-- com_twelvemonkeys_common_common-image 3.12.0
	   |-- com_twelvemonkeys_common_common-io 3.12.0
	   |-- com_twelvemonkeys_common_common-lang 3.12.0
	   |-- com_twelvemonkeys_imageio_imageio-core 3.12.0
	   |-- com_twelvemonkeys_imageio_imageio-metadata 3.12.0
	   |-- com_twelvemonkeys_imageio_imageio-webp 3.12.0
	   |-- org_quiltmc_parsers_gson 0.2.1
	   \-- org_quiltmc_parsers_json 0.2.1
	- yungsapi 1.21.1-Fabric-5.1.6
	   |-- org_javassist_javassist 3.29.2-GA
	   \-- org_reflections_reflections 0.10.2
	- yungsbridges 1.21.1-Fabric-5.1.1
	   \-- org_reflections_reflections 0.10.2
	- yungsextras 1.21.1-Fabric-5.1.1
	   \-- org_reflections_reflections 0.10.2
mainEx[25Aug2025 01:09:57.286] [main/DEBUG] [FabricLoader/Knot/]: Adding /home/runner/work/ActionMC/ActionMC/mods/almanac-1.21.x-fabric-1.0.2.jar to classpath.
mainEx[25Aug2025 01:09:57.286] [main/DEBUG] [FabricLoader/Knot/]: Adding /home/runner/work/ActionMC/ActionMC/mods/alternate-current-mc1.21-1.9.0.jar to classpath.
mainEx[25Aug2025 01:09:57.287] [main/DEBUG] [FabricLoader/Knot/]: Adding /home/runner/work/ActionMC/ActionMC/.arclight/mod_file/arclight-1.21.1-1.0.2-SNAPSHOT-bdf278a.jar to classpath.
mainEx[25Aug2025 01:09:57.287] [main/DEBUG] [FabricLoader/Knot/]: Adding /home/runner/work/ActionMC/ActionMC/mods/betterchunkloading-fabric-1.21-5.5.jar to classpath.
mainEx[25Aug2025 01:09:57.287] [main/DEBUG] [FabricLoader/Knot/]: Adding /home/runner/work/ActionMC/ActionMC/mods/YungsBetterDesertTemples-1.21.1-Fabric-4.1.5.jar to classpath.
mainEx[25Aug2025 01:09:57.287] [main/DEBUG] [FabricLoader/Knot/]: Adding /home/runner/work/ActionMC/ActionMC/mods/YungsBetterDungeons-1.21.1-Fabric-5.1.4.jar to classpath.
mainEx[25Aug2025 01:09:57.287] [main/DEBUG] [FabricLoader/Knot/]: Adding /home/runner/work/ActionMC/ActionMC/mods/YungsBetterEndIsland-1.21.1-Fabric-3.1.2.jar to classpath.
mainEx[25Aug2025 01:09:57.287] [main/DEBUG] [FabricLoader/Knot/]: Adding /home/runner/work/ActionMC/ActionMC/mods/YungsBetterNetherFortresses-1.21.1-Fabric-3.1.5.jar to classpath.
mainEx[25Aug2025 01:09:57.287] [main/DEBUG] [FabricLoader/Knot/]: Adding /home/runner/work/ActionMC/ActionMC/mods/YungsBetterJungleTemples-1.21.1-Fabric-3.1.2.jar to classpath.
mainEx[25Aug2025 01:09:57.287] [main/DEBUG] [FabricLoader/Knot/]: Adding /home/runner/work/ActionMC/ActionMC/mods/YungsBetterMineshafts-1.21.1-Fabric-5.1.1.jar to classpath.
mainEx[25Aug2025 01:09:57.288] [main/DEBUG] [FabricLoader/Knot/]: Adding /home/runner/work/ActionMC/ActionMC/mods/YungsBetterOceanMonuments-1.21.1-Fabric-4.1.2.jar to classpath.
mainEx[25Aug2025 01:09:57.288] [main/DEBUG] [FabricLoader/Knot/]: Adding /home/runner/work/ActionMC/ActionMC/mods/YungsBetterStrongholds-1.21.1-Fabric-5.1.3.jar to classpath.
mainEx[25Aug2025 01:09:57.288] [main/DEBUG] [FabricLoader/Knot/]: Adding /home/runner/work/ActionMC/ActionMC/mods/YungsBetterWitchHuts-1.21.1-Fabric-4.1.1.jar to classpath.
mainEx[25Aug2025 01:09:57.288] [main/DEBUG] [FabricLoader/Knot/]: Adding /home/runner/work/ActionMC/ActionMC/mods/bluemap-5.7-fabric.jar to classpath.
mainEx[25Aug2025 01:09:57.288] [main/DEBUG] [FabricLoader/Knot/]: Adding /home/runner/work/ActionMC/ActionMC/mods/c2me-fabric-mc1.21.1-0.3.0+alpha.0.320.jar to classpath.
mainEx[25Aug2025 01:09:57.288] [main/DEBUG] [FabricLoader/Knot/]: Adding /home/runner/work/ActionMC/ActionMC/.fabric/processedMods/c2me-base-0.3.0+alpha.0.320+1.21.1-5e32693057e9006b.jar to classpath.
mainEx[25Aug2025 01:09:57.288] [main/DEBUG] [FabricLoader/Knot/]: Adding /home/runner/work/ActionMC/ActionMC/.fabric/processedMods/c2me-fixes-chunkio-threading-iss.320+1.21.1-1e6fa0381d0e9c03.jar to classpath.
mainEx[25Aug2025 01:09:57.288] [main/DEBUG] [FabricLoader/Knot/]: Adding /home/runner/work/ActionMC/ActionMC/.fabric/processedMods/c2me-fixes-general-threading-iss.320+1.21.1-ed94e7d6c7760b37.jar to classpath.
mainEx[25Aug2025 01:09:57.288] [main/DEBUG] [FabricLoader/Knot/]: Adding /home/runner/work/ActionMC/ActionMC/.fabric/processedMods/c2me-fixes-worldgen-threading-is.320+1.21.1-a9ac1880124a4cbb.jar to classpath.
mainEx[25Aug2025 01:09:57.289] [main/DEBUG] [FabricLoader/Knot/]: Adding /home/runner/work/ActionMC/ActionMC/.fabric/processedMods/c2me-fixes-worldgen-vanilla-bugs.320+1.21.1-f8699496e5a1505a.jar to classpath.
mainEx[25Aug2025 01:09:57.289] [main/DEBUG] [FabricLoader/Knot/]: Adding /home/runner/work/ActionMC/ActionMC/.fabric/processedMods/c2me-notickvd-0.3.0+alpha.0.320+1.21.1-84df5882e2d0d6d2.jar to classpath.
mainEx[25Aug2025 01:09:57.289] [main/DEBUG] [FabricLoader/Knot/]: Adding /home/runner/work/ActionMC/ActionMC/.fabric/processedMods/c2me-opts-allocs-0.3.0+alpha.0.320+1.21.1-f02b4ca4dceffaa3.jar to classpath.
mainEx[25Aug2025 01:09:57.289] [main/DEBUG] [FabricLoader/Knot/]: Adding /home/runner/work/ActionMC/ActionMC/.fabric/processedMods/c2me-opts-chunk-access-0.3.0+alp.320+1.21.1-6ab7c648b4536984.jar to classpath.
mainEx[25Aug2025 01:09:57.289] [main/DEBUG] [FabricLoader/Knot/]: Adding /home/runner/work/ActionMC/ActionMC/.fabric/processedMods/c2me-opts-chunkio-0.3.0+alpha.0.320+1.21.1-203d955b0cfac90e.jar to classpath.
mainEx[25Aug2025 01:09:57.289] [main/DEBUG] [FabricLoader/Knot/]: Adding /home/runner/work/ActionMC/ActionMC/.fabric/processedMods/c2me-opts-dfc-0.3.0+alpha.0.320+1.21.1-f1793b07bce55cd4.jar to classpath.
mainEx[25Aug2025 01:09:57.289] [main/DEBUG] [FabricLoader/Knot/]: Adding /home/runner/work/ActionMC/ActionMC/.fabric/processedMods/c2me-opts-math-0.3.0+alpha.0.320+1.21.1-afce78d34c5ac497.jar to classpath.
mainEx[25Aug2025 01:09:57.289] [main/DEBUG] [FabricLoader/Knot/]: Adding /home/runner/work/ActionMC/ActionMC/.fabric/processedMods/c2me-opts-natives-math-0.3.0+alp.320+1.21.1-f41ac7cbbed58f47.jar to classpath.
mainEx[25Aug2025 01:09:57.289] [main/DEBUG] [FabricLoader/Knot/]: Adding /home/runner/work/ActionMC/ActionMC/.fabric/processedMods/c2me-opts-scheduling-0.3.0+alpha.320+1.21.1-1ebf6f0b2fe95045.jar to classpath.
mainEx[25Aug2025 01:09:57.290] [main/DEBUG] [FabricLoader/Knot/]: Adding /home/runner/work/ActionMC/ActionMC/.fabric/processedMods/c2me-opts-worldgen-general-0.3.0.320+1.21.1-726c0cea86994fe9.jar to classpath.
mainEx[25Aug2025 01:09:57.290] [main/DEBUG] [FabricLoader/Knot/]: Adding /home/runner/work/ActionMC/ActionMC/.fabric/processedMods/c2me-opts-worldgen-vanilla-0.3.00.320+1.21.1-b877c8ede245a56.jar to classpath.
mainEx[25Aug2025 01:09:57.290] [main/DEBUG] [FabricLoader/Knot/]: Adding /home/runner/work/ActionMC/ActionMC/.fabric/processedMods/c2me-rewrites-chunk-serializer-0.320+1.21.1-7b220943d4ba27c0.jar to classpath.
mainEx[25Aug2025 01:09:57.290] [main/DEBUG] [FabricLoader/Knot/]: Adding /home/runner/work/ActionMC/ActionMC/.fabric/processedMods/c2me-rewrites-chunk-system-0.3.0.320+1.21.1-ef85bd9c4e4db00b.jar to classpath.
mainEx[25Aug2025 01:09:57.290] [main/DEBUG] [FabricLoader/Knot/]: Adding /home/runner/work/ActionMC/ActionMC/.fabric/processedMods/c2me-rewrites-chunkio-0.3.0+alph.320+1.21.1-19ae9260b4d66097.jar to classpath.
mainEx[25Aug2025 01:09:57.290] [main/DEBUG] [FabricLoader/Knot/]: Adding /home/runner/work/ActionMC/ActionMC/.fabric/processedMods/c2me-server-utils-0.3.0+alpha.0.320+1.21.1-749b99a088b92a63.jar to classpath.
mainEx[25Aug2025 01:09:57.290] [main/DEBUG] [FabricLoader/Knot/]: Adding /home/runner/work/ActionMC/ActionMC/.fabric/processedMods/c2me-threading-lighting-0.3.0+al.320+1.21.1-930d2f03fe55684c.jar to classpath.
mainEx[25Aug2025 01:09:57.290] [main/DEBUG] [FabricLoader/Knot/]: Adding /home/runner/work/ActionMC/ActionMC/mods/Chunky-Fabric-1.4.23.jar to classpath.
mainEx[25Aug2025 01:09:57.290] [main/DEBUG] [FabricLoader/Knot/]: Adding /home/runner/work/ActionMC/ActionMC/.fabric/processedMods/cloth-basic-math-0.6.1-17ea6dce277cc3b8.jar to classpath.
mainEx[25Aug2025 01:09:57.291] [main/DEBUG] [FabricLoader/Knot/]: Adding /home/runner/work/ActionMC/ActionMC/mods/cloth-config-15.0.140-fabric.jar to classpath.
mainEx[25Aug2025 01:09:57.291] [main/DEBUG] [FabricLoader/Knot/]: Adding /home/runner/work/ActionMC/ActionMC/mods/Clumps-fabric-1.21.1-19.0.0.1.jar to classpath.
mainEx[25Aug2025 01:09:57.291] [main/DEBUG] [FabricLoader/Knot/]: Adding /home/runner/work/ActionMC/ActionMC/mods/collective-1.21.1-8.3.jar to classpath.
mainEx[25Aug2025 01:09:57.291] [main/DEBUG] [FabricLoader/Knot/]: Adding /home/runner/work/ActionMC/ActionMC/.fabric/processedMods/com_electronwill_night-config_core-3.6.5-3f376ca42dda1ab3.jar to classpath.
mainEx[25Aug2025 01:09:57.291] [main/DEBUG] [FabricLoader/Knot/]: Adding /home/runner/work/ActionMC/ActionMC/.fabric/processedMods/com_electronwill_night-config_toml-3.6.5-ef04ea1f755b008f.jar to classpath.
mainEx[25Aug2025 01:09:57.291] [main/DEBUG] [FabricLoader/Knot/]: Adding /home/runner/work/ActionMC/ActionMC/.fabric/processedMods/com_flowpowered_flow-math-1.0.3-a6d979a93378a647.jar to classpath.
mainEx[25Aug2025 01:09:57.292] [main/DEBUG] [FabricLoader/Knot/]: Adding /home/runner/work/ActionMC/ActionMC/.fabric/processedMods/com_ibm_async_asyncutil-0.1.0-3c7b6af4bbee1c0.jar to classpath.
mainEx[25Aug2025 01:09:57.292] [main/DEBUG] [FabricLoader/Knot/]: Adding /home/runner/work/ActionMC/ActionMC/.fabric/processedMods/com_twelvemonkeys_common_common-mage-3.12.0-deb3b1501a6070e5.jar to classpath.
mainEx[25Aug2025 01:09:57.292] [main/DEBUG] [FabricLoader/Knot/]: Adding /home/runner/work/ActionMC/ActionMC/.fabric/processedMods/com_twelvemonkeys_common_common-io-3.12.0-86b1ac244fa6455c.jar to classpath.
mainEx[25Aug2025 01:09:57.292] [main/DEBUG] [FabricLoader/Knot/]: Adding /home/runner/work/ActionMC/ActionMC/.fabric/processedMods/com_twelvemonkeys_common_common-lang-3.12.0-6be701ca605fcfc7.jar to classpath.
mainEx[25Aug2025 01:09:57.292] [main/DEBUG] [FabricLoader/Knot/]: Adding /home/runner/work/ActionMC/ActionMC/.fabric/processedMods/com_twelvemonkeys_imageio_imageicore-3.12.0-3b260d8299c9b513.jar to classpath.
mainEx[25Aug2025 01:09:57.292] [main/DEBUG] [FabricLoader/Knot/]: Adding /home/runner/work/ActionMC/ActionMC/.fabric/processedMods/com_twelvemonkeys_imageio_imageiadata-3.12.0-d4e6b5ecedfe42c.jar to classpath.
mainEx[25Aug2025 01:09:57.292] [main/DEBUG] [FabricLoader/Knot/]: Adding /home/runner/work/ActionMC/ActionMC/.fabric/processedMods/com_twelvemonkeys_imageio_imageiwebp-3.12.0-16e1ec7310cf986c.jar to classpath.
mainEx[25Aug2025 01:09:57.292] [main/DEBUG] [FabricLoader/Knot/]: Adding /home/runner/work/ActionMC/ActionMC/.fabric/processedMods/com_velocitypowered_velocity-nat.0-SNAPSHOT-cd70380cb223bf6f.jar to classpath.
mainEx[25Aug2025 01:09:57.292] [main/DEBUG] [FabricLoader/Knot/]: Adding /home/runner/work/ActionMC/ActionMC/mods/cupboard-fabric-1.21-2.9.jar to classpath.
mainEx[25Aug2025 01:09:57.292] [main/DEBUG] [FabricLoader/Knot/]: Adding /home/runner/work/ActionMC/ActionMC/.fabric/processedMods/de_bluecolored_bluenbt-3.3.0-fd7910cd3d7992cf.jar to classpath.
mainEx[25Aug2025 01:09:57.293] [main/DEBUG] [FabricLoader/Knot/]: Adding /home/runner/work/ActionMC/ActionMC/.fabric/processedMods/de_miraculixx_core_dev-2.4.2-ed5c0dba6fad534b.jar to classpath.
mainEx[25Aug2025 01:09:57.293] [main/DEBUG] [FabricLoader/Knot/]: Adding /home/runner/work/ActionMC/ActionMC/mods/Debugify-1.21.1+1.0.jar to classpath.
mainEx[25Aug2025 01:09:57.293] [main/DEBUG] [FabricLoader/Knot/]: Adding /home/runner/work/ActionMC/ActionMC/mods/disconnect-packet-fix-fabric-2.0.0 (1).jar to classpath.
mainEx[25Aug2025 01:09:57.294] [main/DEBUG] [FabricLoader/Knot/]: Adding /home/runner/work/ActionMC/ActionMC/mods/doubledoors-1.21.1-7.1.jar to classpath.
mainEx[25Aug2025 01:09:57.294] [main/DEBUG] [FabricLoader/Knot/]: Adding /home/runner/work/ActionMC/ActionMC/libraries/net/fabricmc/fabric-api/fabric-api/0.116.5+1.21.1/fabric-api-0.116.5+1.21.1.jar to classpath.
mainEx[25Aug2025 01:09:57.294] [main/DEBUG] [FabricLoader/Knot/]: Adding /home/runner/work/ActionMC/ActionMC/.fabric/processedMods/fabric-api-base-0.4.42+6573ed8c19-ff13abd3c472476d.jar to classpath.
mainEx[25Aug2025 01:09:57.294] [main/DEBUG] [FabricLoader/Knot/]: Adding /home/runner/work/ActionMC/ActionMC/.fabric/processedMods/fabric-api-lookup-api-v1-1.6.71+b559734419-d37c82a263df271a.jar to classpath.
mainEx[25Aug2025 01:09:57.295] [main/DEBUG] [FabricLoader/Knot/]: Adding /home/runner/work/ActionMC/ActionMC/.fabric/processedMods/fabric-biome-api-v1-13.0.31+d527f9fd19-886b2eac66059d5f.jar to classpath.
mainEx[25Aug2025 01:09:57.295] [main/DEBUG] [FabricLoader/Knot/]: Adding /home/runner/work/ActionMC/ActionMC/.fabric/processedMods/fabric-block-api-v1-1.1.0+0bc3503219-23a4c3899f7c5c99.jar to classpath.
mainEx[25Aug2025 01:09:57.295] [main/DEBUG] [FabricLoader/Knot/]: Adding /home/runner/work/ActionMC/ActionMC/.fabric/processedMods/fabric-block-view-api-v2-1.0.11+ebb2264e19-a3ef1a902fa410ea.jar to classpath.
mainEx[25Aug2025 01:09:57.295] [main/DEBUG] [FabricLoader/Knot/]: Adding /home/runner/work/ActionMC/ActionMC/.fabric/processedMods/fabric-command-api-v1-1.2.49+f71b366f19-3223882881e5fb5d.jar to classpath.
mainEx[25Aug2025 01:09:57.295] [main/DEBUG] [FabricLoader/Knot/]: Adding /home/runner/work/ActionMC/ActionMC/.fabric/processedMods/fabric-command-api-v2-2.2.28+6ced4dd919-39dd1da93310217c.jar to classpath.
mainEx[25Aug2025 01:09:57.296] [main/DEBUG] [FabricLoader/Knot/]: Adding /home/runner/work/ActionMC/ActionMC/.fabric/processedMods/fabric-commands-v0-0.2.66+df3654b319-1f7b5fd127a7398f.jar to classpath.
mainEx[25Aug2025 01:09:57.296] [main/DEBUG] [FabricLoader/Knot/]: Adding /home/runner/work/ActionMC/ActionMC/.fabric/processedMods/fabric-content-registries-v0-8.0+b559734419-93d7fac6b125f23c.jar to classpath.
mainEx[25Aug2025 01:09:57.296] [main/DEBUG] [FabricLoader/Knot/]: Adding /home/runner/work/ActionMC/ActionMC/.fabric/processedMods/fabric-convention-tags-v1-2.1.5+7f945d5b19-e347261f1465deb2.jar to classpath.
mainEx[25Aug2025 01:09:57.296] [main/DEBUG] [FabricLoader/Knot/]: Adding /home/runner/work/ActionMC/ActionMC/.fabric/processedMods/fabric-convention-tags-v2-2.11.1+a406e79519-bc5199d627bf5dc9.jar to classpath.
mainEx[25Aug2025 01:09:57.296] [main/DEBUG] [FabricLoader/Knot/]: Adding /home/runner/work/ActionMC/ActionMC/.fabric/processedMods/fabric-crash-report-info-v1-0.2.+0af3f5a719-df0aea0ca39a9826.jar to classpath.
mainEx[25Aug2025 01:09:57.296] [main/DEBUG] [FabricLoader/Knot/]: Adding /home/runner/work/ActionMC/ActionMC/.fabric/processedMods/fabric-data-attachment-api-v1-1.+6116a37819-7bfc623e39087f0b.jar to classpath.
mainEx[25Aug2025 01:09:57.296] [main/DEBUG] [FabricLoader/Knot/]: Adding /home/runner/work/ActionMC/ActionMC/.fabric/processedMods/fabric-data-generation-api-v1-20+37516cd619-3e77232a71e8d9c1.jar to classpath.
mainEx[25Aug2025 01:09:57.296] [main/DEBUG] [FabricLoader/Knot/]: Adding /home/runner/work/ActionMC/ActionMC/.fabric/processedMods/fabric-dimensions-v1-4.0.0+6fc22b9919-f11eeb43a26ae832.jar to classpath.
mainEx[25Aug2025 01:09:57.297] [main/DEBUG] [FabricLoader/Knot/]: Adding /home/runner/work/ActionMC/ActionMC/.fabric/processedMods/fabric-entity-events-v1-1.8.0+2b27e0a419-1e164b7a678e4b80.jar to classpath.
mainEx[25Aug2025 01:09:57.297] [main/DEBUG] [FabricLoader/Knot/]: Adding /home/runner/work/ActionMC/ActionMC/.fabric/processedMods/fabric-events-interaction-v0-0.7+ba9dae0619-1da29a6bce0d0a5d.jar to classpath.
mainEx[25Aug2025 01:09:57.297] [main/DEBUG] [FabricLoader/Knot/]: Adding /home/runner/work/ActionMC/ActionMC/.fabric/processedMods/fabric-game-rule-api-v1-1.0.53+6ced4dd919-55756f2a7f4d8324.jar to classpath.
mainEx[25Aug2025 01:09:57.297] [main/DEBUG] [FabricLoader/Knot/]: Adding /home/runner/work/ActionMC/ActionMC/.fabric/processedMods/fabric-item-api-v1-11.2.0+3b3cb2e819-2fc0556171651ae9.jar to classpath.
mainEx[25Aug2025 01:09:57.298] [main/DEBUG] [FabricLoader/Knot/]: Adding /home/runner/work/ActionMC/ActionMC/.fabric/processedMods/fabric-item-group-api-v1-4.1.7+def88e3a19-a9ecfdd6afcbe378.jar to classpath.
mainEx[25Aug2025 01:09:57.298] [main/DEBUG] [FabricLoader/Knot/]: Adding /home/runner/work/ActionMC/ActionMC/mods/fabric-language-kotlin-1.13.4+kotlin.2.2.0 (1).jar to classpath.
mainEx[25Aug2025 01:09:57.298] [main/DEBUG] [FabricLoader/Knot/]: Adding /home/runner/work/ActionMC/ActionMC/.fabric/processedMods/fabric-lifecycle-events-v1-2.6.0+0865547519-aeb1568c9aa4c00f.jar to classpath.
mainEx[25Aug2025 01:09:57.298] [main/DEBUG] [FabricLoader/Knot/]: Adding /home/runner/work/ActionMC/ActionMC/.fabric/processedMods/fabric-loot-api-v2-3.0.15+3f89f5a519-558e16ad5d528f9d.jar to classpath.
mainEx[25Aug2025 01:09:57.298] [main/DEBUG] [FabricLoader/Knot/]: Adding /home/runner/work/ActionMC/ActionMC/.fabric/processedMods/fabric-loot-api-v3-1.0.3+3f89f5a519-558d244f07963876.jar to classpath.
mainEx[25Aug2025 01:09:57.298] [main/DEBUG] [FabricLoader/Knot/]: Adding /home/runner/work/ActionMC/ActionMC/.fabric/processedMods/fabric-message-api-v1-6.0.14+8aaf3aca19-866eb7342a41eb52.jar to classpath.
mainEx[25Aug2025 01:09:57.298] [main/DEBUG] [FabricLoader/Knot/]: Adding /home/runner/work/ActionMC/ActionMC/.fabric/processedMods/fabric-networking-api-v1-4.3.0+c7469b2119-20628840473f8c8d.jar to classpath.
mainEx[25Aug2025 01:09:57.299] [main/DEBUG] [FabricLoader/Knot/]: Adding /home/runner/work/ActionMC/ActionMC/.fabric/processedMods/fabric-object-builder-api-v1-15.+40875a9319-92437f38269f19f2.jar to classpath.
mainEx[25Aug2025 01:09:57.299] [main/DEBUG] [FabricLoader/Knot/]: Adding /home/runner/work/ActionMC/ActionMC/.fabric/processedMods/fabric-particles-v1-4.0.2+6573ed8c19-59ceb7f6df78649c.jar to classpath.
mainEx[25Aug2025 01:09:57.299] [main/DEBUG] [FabricLoader/Knot/]: Adding /home/runner/work/ActionMC/ActionMC/.fabric/processedMods/fabric-permissions-api-v0-0.3.1-1fe598067d104722.jar to classpath.
mainEx[25Aug2025 01:09:57.299] [main/DEBUG] [FabricLoader/Knot/]: Adding /home/runner/work/ActionMC/ActionMC/.fabric/processedMods/fabric-recipe-api-v1-5.0.14+248df81c19-b6d29a99eb30910b.jar to classpath.
mainEx[25Aug2025 01:09:57.299] [main/DEBUG] [FabricLoader/Knot/]: Adding /home/runner/work/ActionMC/ActionMC/.fabric/processedMods/fabric-registry-sync-v0-5.3.1+e3eddc2119-f65cd0412621d5e7.jar to classpath.
mainEx[25Aug2025 01:09:57.299] [main/DEBUG] [FabricLoader/Knot/]: Adding /home/runner/work/ActionMC/ActionMC/.fabric/processedMods/fabric-rendering-data-attachment+73761d2e19-677d660f6fdd5377.jar to classpath.
mainEx[25Aug2025 01:09:57.300] [main/DEBUG] [FabricLoader/Knot/]: Adding /home/runner/work/ActionMC/ActionMC/.fabric/processedMods/fabric-rendering-fluids-v1-3.1.6+1daea21519-843bcef08cdb0f4c.jar to classpath.
mainEx[25Aug2025 01:09:57.300] [main/DEBUG] [FabricLoader/Knot/]: Adding /home/runner/work/ActionMC/ActionMC/.fabric/processedMods/fabric-resource-conditions-api-v+8dc279b119-cf6c7491f461f5d2.jar to classpath.
mainEx[25Aug2025 01:09:57.300] [main/DEBUG] [FabricLoader/Knot/]: Adding /home/runner/work/ActionMC/ActionMC/.fabric/processedMods/fabric-resource-loader-v0-1.3.1+5b5275af19-616e2b312b1d4c7a.jar to classpath.
mainEx[25Aug2025 01:09:57.300] [main/DEBUG] [FabricLoader/Knot/]: Adding /home/runner/work/ActionMC/ActionMC/.fabric/processedMods/fabric-screen-handler-api-v1-1.3+b559734419-dbf6ed17ea7a4743.jar to classpath.
mainEx[25Aug2025 01:09:57.300] [main/DEBUG] [FabricLoader/Knot/]: Adding /home/runner/work/ActionMC/ActionMC/.fabric/processedMods/fabric-transfer-api-v1-5.4.3+c24bd99419-ebac7f9507306361.jar to classpath.
mainEx[25Aug2025 01:09:57.300] [main/DEBUG] [FabricLoader/Knot/]: Adding /home/runner/work/ActionMC/ActionMC/.fabric/processedMods/fabric-transitive-access-widener+45b9699719-90ac037b8668484b.jar to classpath.
mainEx[25Aug2025 01:09:57.300] [main/DEBUG] [FabricLoader/Knot/]: Adding /home/runner/work/ActionMC/ActionMC/mods/fasterrandom-5.1.0.jar to classpath.
mainEx[25Aug2025 01:09:57.300] [main/DEBUG] [FabricLoader/Knot/]: Adding /home/runner/work/ActionMC/ActionMC/mods/giantspawn-1.21.1-5.3.jar to classpath.
mainEx[25Aug2025 01:09:57.301] [main/DEBUG] [FabricLoader/Knot/]: Adding /home/runner/work/ActionMC/ActionMC/mods/healingcampfire-1.21.1-6.2.jar to classpath.
mainEx[25Aug2025 01:09:57.301] [main/DEBUG] [FabricLoader/Knot/]: Adding /home/runner/work/ActionMC/ActionMC/mods/infinitetrading-1.21.1-4.6.jar to classpath.
mainEx[25Aug2025 01:09:57.301] [main/DEBUG] [FabricLoader/Knot/]: Adding /home/runner/work/ActionMC/ActionMC/mods/inventorytotem-1.21.1-3.4.jar to classpath.
mainEx[25Aug2025 01:09:57.301] [main/DEBUG] [FabricLoader/Knot/]: Adding /home/runner/work/ActionMC/ActionMC/.fabric/processedMods/io_reactivex_rxjava3_rxjava-3.1.8-24e07474fe6d000e.jar to classpath.
mainEx[25Aug2025 01:09:57.301] [main/DEBUG] [FabricLoader/Knot/]: Adding /home/runner/work/ActionMC/ActionMC/mods/krypton-0.2.8.jar to classpath.
mainEx[25Aug2025 01:09:57.301] [main/DEBUG] [FabricLoader/Knot/]: Adding /home/runner/work/ActionMC/ActionMC/mods/Ksyxis-1.3.4.jar to classpath.
mainEx[25Aug2025 01:09:57.302] [main/DEBUG] [FabricLoader/Knot/]: Adding /home/runner/work/ActionMC/ActionMC/mods/letmedespawn-1.21.x-fabric-1.5.0.jar to classpath.
mainEx[25Aug2025 01:09:57.302] [main/DEBUG] [FabricLoader/Knot/]: Adding /home/runner/work/ActionMC/ActionMC/mods/lithium-fabric-0.15.0+mc1.21.1.jar to classpath.
mainEx[25Aug2025 01:09:57.302] [main/DEBUG] [FabricLoader/Knot/]: Adding /home/runner/work/ActionMC/ActionMC/mods/lithostitched-fabric-1.21.1-1.4.11.jar to classpath.
mainEx[25Aug2025 01:09:57.302] [main/DEBUG] [FabricLoader/Knot/]: Adding /home/runner/work/ActionMC/ActionMC/.fabric/processedMods/mixinextras-0.5.0-1f6627383f457848.jar to classpath.
mainEx[25Aug2025 01:09:57.302] [main/DEBUG] [FabricLoader/Knot/]: Adding /home/runner/work/ActionMC/ActionMC/.fabric/processedMods/mixinsquared-0.2.0-beta.6-9bfabf1b111f941.jar to classpath.
mainEx[25Aug2025 01:09:57.302] [main/DEBUG] [FabricLoader/Knot/]: Adding /home/runner/work/ActionMC/ActionMC/mods/modernfix-fabric-5.24.3+mc1.21.1.jar to classpath.
mainEx[25Aug2025 01:09:57.302] [main/DEBUG] [FabricLoader/Knot/]: Adding /home/runner/work/ActionMC/ActionMC/mods/zombies-slow-you-1.1.jar to classpath.
mainEx[25Aug2025 01:09:57.302] [main/DEBUG] [FabricLoader/Knot/]: Adding /home/runner/work/ActionMC/ActionMC/.fabric/processedMods/net_objecthunter_exp4j-0.4.8-a5046cf87055f5b0.jar to classpath.
mainEx[25Aug2025 01:09:57.302] [main/DEBUG] [FabricLoader/Knot/]: Adding /home/runner/work/ActionMC/ActionMC/mods/noisium-fabric-2.3.0+mc1.21-1.21.1.jar to classpath.
mainEx[25Aug2025 01:09:57.302] [main/DEBUG] [FabricLoader/Knot/]: Adding /home/runner/work/ActionMC/ActionMC/.fabric/processedMods/org_javassist_javassist-3.29.2-GA-45181c45d12aa638.jar to classpath.
mainEx[25Aug2025 01:09:57.303] [main/DEBUG] [FabricLoader/Knot/]: Adding /home/runner/work/ActionMC/ActionMC/.fabric/processedMods/org_jctools_jctools-core-4.0.5-f7afd09107eaaa7c.jar to classpath.
mainEx[25Aug2025 01:09:57.303] [main/DEBUG] [FabricLoader/Knot/]: Adding /home/runner/work/ActionMC/ActionMC/.fabric/processedMods/org_jetbrains_kotlin_kotlin-reflect-2.2.0-c73b1dbdd8a32734.jar to classpath.
mainEx[25Aug2025 01:09:57.303] [main/DEBUG] [FabricLoader/Knot/]: Adding /home/runner/work/ActionMC/ActionMC/.fabric/processedMods/org_jetbrains_kotlin_kotlin-stdlib-2.2.0-5a92c7063d3a6ebc.jar to classpath.
mainEx[25Aug2025 01:09:57.303] [main/DEBUG] [FabricLoader/Knot/]: Adding /home/runner/work/ActionMC/ActionMC/.fabric/processedMods/org_jetbrains_kotlin_kotlin-stdlb-jdk7-2.2.0-7a6dc8d0ba12eea.jar to classpath.
mainEx[25Aug2025 01:09:57.303] [main/DEBUG] [FabricLoader/Knot/]: Adding /home/runner/work/ActionMC/ActionMC/.fabric/processedMods/org_jetbrains_kotlin_kotlin-stdl-jdk8-2.2.0-3b23612810a0aaa9.jar to classpath.
mainEx[25Aug2025 01:09:57.303] [main/DEBUG] [FabricLoader/Knot/]: Adding /home/runner/work/ActionMC/ActionMC/.fabric/processedMods/org_jetbrains_kotlinx_atomicfu-jvm-0.28.0-5912dd12aa6670e7.jar to classpath.
mainEx[25Aug2025 01:09:57.303] [main/DEBUG] [FabricLoader/Knot/]: Adding /home/runner/work/ActionMC/ActionMC/.fabric/processedMods/org_jetbrains_kotlinx_kotlinx-co-jvm-1.10.2-dc3d13b93361afd1.jar to classpath.
mainEx[25Aug2025 01:09:57.303] [main/DEBUG] [FabricLoader/Knot/]: Adding /home/runner/work/ActionMC/ActionMC/.fabric/processedMods/org_jetbrains_kotlinx_kotlinx-cojdk8-1.10.2-8ee2d40032486432.jar to classpath.
mainEx[25Aug2025 01:09:57.304] [main/DEBUG] [FabricLoader/Knot/]: Adding /home/runner/work/ActionMC/ActionMC/.fabric/processedMods/org_jetbrains_kotlinx_kotlinx-dame-jvm-0.6.2-92eeda2d0619a4c.jar to classpath.
mainEx[25Aug2025 01:09:57.304] [main/DEBUG] [FabricLoader/Knot/]: Adding /home/runner/work/ActionMC/ActionMC/.fabric/processedMods/org_jetbrains_kotlinx_kotlinx-iog-jvm-0.7.0-2a2ca99b93f83858.jar to classpath.
mainEx[25Aug2025 01:09:57.304] [main/DEBUG] [FabricLoader/Knot/]: Adding /home/runner/work/ActionMC/ActionMC/.fabric/processedMods/org_jetbrains_kotlinx_kotlinx-ioe-jvm-0.7.0-217bdbfc95dba84f.jar to classpath.
mainEx[25Aug2025 01:09:57.304] [main/DEBUG] [FabricLoader/Knot/]: Adding /home/runner/work/ActionMC/ActionMC/.fabric/processedMods/org_jetbrains_kotlinx_kotlinx-ser-jvm-1.8.1-abde8ab9f4bac192.jar to classpath.
mainEx[25Aug2025 01:09:57.304] [main/DEBUG] [FabricLoader/Knot/]: Adding /home/runner/work/ActionMC/ActionMC/.fabric/processedMods/org_jetbrains_kotlinx_kotlinx-see-jvm-1.8.1-eaec83ae0a284c98.jar to classpath.
mainEx[25Aug2025 01:09:57.304] [main/DEBUG] [FabricLoader/Knot/]: Adding /home/runner/work/ActionMC/ActionMC/.fabric/processedMods/org_jetbrains_kotlinx_kotlinx-sen-jvm-1.8.1-f528ffff0bfbce85.jar to classpath.
mainEx[25Aug2025 01:09:57.304] [main/DEBUG] [FabricLoader/Knot/]: Adding /home/runner/work/ActionMC/ActionMC/.fabric/processedMods/org_mineskin_java-client-3.0.6-SNAPSHOT-4588bf35bfd205c1.jar to classpath.
mainEx[25Aug2025 01:09:57.304] [main/DEBUG] [FabricLoader/Knot/]: Adding /home/runner/work/ActionMC/ActionMC/.fabric/processedMods/org_quiltmc_parsers_gson-0.2.1-dca73e94c7c97f1f.jar to classpath.
mainEx[25Aug2025 01:09:57.304] [main/DEBUG] [FabricLoader/Knot/]: Adding /home/runner/work/ActionMC/ActionMC/.fabric/processedMods/org_quiltmc_parsers_json-0.2.1-f4450bb516755a53.jar to classpath.
mainEx[25Aug2025 01:09:57.305] [main/DEBUG] [FabricLoader/Knot/]: Adding /home/runner/work/ActionMC/ActionMC/.fabric/processedMods/org_reactivestreams_reactive-streams-1.0.4-acfe7d9f290164e.jar to classpath.
mainEx[25Aug2025 01:09:57.305] [main/DEBUG] [FabricLoader/Knot/]: Adding /home/runner/work/ActionMC/ActionMC/.fabric/processedMods/org_reflections_reflections-0.10.2-1242e69f5be78cc9.jar to classpath.
mainEx[25Aug2025 01:09:57.305] [main/DEBUG] [FabricLoader/Knot/]: Adding /home/runner/work/ActionMC/ActionMC/.fabric/processedMods/org_yaml_snakeyaml-2.2-3e7e022439444157.jar to classpath.
mainEx[25Aug2025 01:09:57.305] [main/DEBUG] [FabricLoader/Knot/]: Adding /home/runner/work/ActionMC/ActionMC/mods/otterlib-0.2.2.0+1.21.1-fabric.jar to classpath.
mainEx[25Aug2025 01:09:57.305] [main/DEBUG] [FabricLoader/Knot/]: Adding /home/runner/work/ActionMC/ActionMC/.fabric/processedMods/placeholder-api-2.4.1+1.21-c326f9f66baf021.jar to classpath.
mainEx[25Aug2025 01:09:57.305] [main/DEBUG] [FabricLoader/Knot/]: Adding /home/runner/work/ActionMC/ActionMC/mods/ScalableLux-0.1.0+fabric.26c6e72-all.jar to classpath.
mainEx[25Aug2025 01:09:57.305] [main/DEBUG] [FabricLoader/Knot/]: Adding /home/runner/work/ActionMC/ActionMC/mods/servercore-fabric-1.5.5+1.21.1.jar to classpath.
mainEx[25Aug2025 01:09:57.305] [main/DEBUG] [FabricLoader/Knot/]: Adding /home/runner/work/ActionMC/ActionMC/mods/silk-all-1.10.7.jar to classpath.
mainEx[25Aug2025 01:09:57.305] [main/DEBUG] [FabricLoader/Knot/]: Adding /home/runner/work/ActionMC/ActionMC/.fabric/processedMods/silk-commands-1.10.7-a3b3a3fd270ebc13.jar to classpath.
mainEx[25Aug2025 01:09:57.306] [main/DEBUG] [FabricLoader/Knot/]: Adding /home/runner/work/ActionMC/ActionMC/.fabric/processedMods/silk-core-1.10.7-bd65c9a7469083c.jar to classpath.
mainEx[25Aug2025 01:09:57.306] [main/DEBUG] [FabricLoader/Knot/]: Adding /home/runner/work/ActionMC/ActionMC/.fabric/processedMods/silk-game-1.10.7-7c843977475d460b.jar to classpath.
mainEx[25Aug2025 01:09:57.306] [main/DEBUG] [FabricLoader/Knot/]: Adding /home/runner/work/ActionMC/ActionMC/.fabric/processedMods/silk-igui-1.10.7-302978017f4fac11.jar to classpath.
mainEx[25Aug2025 01:09:57.306] [main/DEBUG] [FabricLoader/Knot/]: Adding /home/runner/work/ActionMC/ActionMC/.fabric/processedMods/silk-nbt-1.10.7-8c0d371bfc741798.jar to classpath.
mainEx[25Aug2025 01:09:57.306] [main/DEBUG] [FabricLoader/Knot/]: Adding /home/runner/work/ActionMC/ActionMC/.fabric/processedMods/silk-network-1.10.7-a80387a93f9e52c0.jar to classpath.
mainEx[25Aug2025 01:09:57.306] [main/DEBUG] [FabricLoader/Knot/]: Adding /home/runner/work/ActionMC/ActionMC/.fabric/processedMods/silk-persistence-1.10.7-2d0ed898c61af5dc.jar to classpath.
mainEx[25Aug2025 01:09:57.306] [main/DEBUG] [FabricLoader/Knot/]: Adding /home/runner/work/ActionMC/ActionMC/mods/sit!-1.2.4.7+1.21-1.21.1.jar to classpath.
mainEx[25Aug2025 01:09:57.306] [main/DEBUG] [FabricLoader/Knot/]: Adding /home/runner/work/ActionMC/ActionMC/mods/skinrestorer-2.4.3+1.21-fabric.jar to classpath.
mainEx[25Aug2025 01:09:57.306] [main/DEBUG] [FabricLoader/Knot/]: Adding /home/runner/work/ActionMC/ActionMC/mods/smoothchunk-fabric-1.21-4.1.jar to classpath.
mainEx[25Aug2025 01:09:57.306] [main/DEBUG] [FabricLoader/Knot/]: Adding /home/runner/work/ActionMC/ActionMC/.fabric/processedMods/space_arim_dazzleconf_dazzleconfre-1.3.0-M2-ef80c55a5f97069b.jar to classpath.
mainEx[25Aug2025 01:09:57.307] [main/DEBUG] [FabricLoader/Knot/]: Adding /home/runner/work/ActionMC/ActionMC/.fabric/processedMods/space_arim_dazzleconf_dazzleconfml-1.3.0-M2-be20db82564942fd.jar to classpath.
mainEx[25Aug2025 01:09:57.307] [main/DEBUG] [FabricLoader/Knot/]: Adding /home/runner/work/ActionMC/ActionMC/mods/structureessentials-fabric-1.21-4.8.jar to classpath.
mainEx[25Aug2025 01:09:57.307] [main/DEBUG] [FabricLoader/Knot/]: Adding /home/runner/work/ActionMC/ActionMC/mods/tectonic-3.0.10-fabric-1.21.1.jar to classpath.
mainEx[25Aug2025 01:09:57.307] [main/DEBUG] [FabricLoader/Knot/]: Adding /home/runner/work/ActionMC/ActionMC/mods/threadtweak-fabric-0.1.5+mc1.21.1.jar to classpath.
mainEx[25Aug2025 01:09:57.307] [main/DEBUG] [FabricLoader/Knot/]: Adding /home/runner/work/ActionMC/ActionMC/mods/veinminer-fabric-2.4.2 (1).jar to classpath.
mainEx[25Aug2025 01:09:57.307] [main/DEBUG] [FabricLoader/Knot/]: Adding /home/runner/work/ActionMC/ActionMC/mods/ViaBackwards-5.4.3-SNAPSHOT.jar to classpath.
mainEx[25Aug2025 01:09:57.307] [main/DEBUG] [FabricLoader/Knot/]: Adding /home/runner/work/ActionMC/ActionMC/mods/ViaFabric-0.4.15+84-main.jar to classpath.
mainEx[25Aug2025 01:09:57.307] [main/DEBUG] [FabricLoader/Knot/]: Adding /home/runner/work/ActionMC/ActionMC/.fabric/processedMods/viafabric-mc1211-0.4.15+84-main-65c5eafd84a4e6d5.jar to classpath.
mainEx[25Aug2025 01:09:57.307] [main/DEBUG] [FabricLoader/Knot/]: Adding /home/runner/work/ActionMC/ActionMC/mods/ViaRewind-4.0.10-SNAPSHOT.jar to classpath.
mainEx[25Aug2025 01:09:57.308] [main/DEBUG] [FabricLoader/Knot/]: Adding /home/runner/work/ActionMC/ActionMC/mods/ViaVersion-5.5.0-SNAPSHOT.jar to classpath.
mainEx[25Aug2025 01:09:57.308] [main/DEBUG] [FabricLoader/Knot/]: Adding /home/runner/work/ActionMC/ActionMC/mods/villagernames-1.21.1-8.2.jar to classpath.
mainEx[25Aug2025 01:09:57.308] [main/DEBUG] [FabricLoader/Knot/]: Adding /home/runner/work/ActionMC/ActionMC/mods/Weary-Wings-0.0.1+1.20.5-1.21.1.jar to classpath.
mainEx[25Aug2025 01:09:57.308] [main/DEBUG] [FabricLoader/Knot/]: Adding /home/runner/work/ActionMC/ActionMC/mods/yet_another_config_lib_v3-3.7.1+1.21.1-fabric.jar to classpath.
mainEx[25Aug2025 01:09:57.308] [main/DEBUG] [FabricLoader/Knot/]: Adding /home/runner/work/ActionMC/ActionMC/mods/YungsApi-1.21.1-Fabric-5.1.6.jar to classpath.
mainEx[25Aug2025 01:09:57.308] [main/DEBUG] [FabricLoader/Knot/]: Adding /home/runner/work/ActionMC/ActionMC/mods/YungsBridges-1.21.1-Fabric-5.1.1.jar to classpath.
mainEx[25Aug2025 01:09:57.308] [main/DEBUG] [FabricLoader/Knot/]: Adding /home/runner/work/ActionMC/ActionMC/mods/YungsExtras-1.21.1-Fabric-5.1.1.jar to classpath.
mainEx