[25Aug2025 01:09:56.715] [main/INFO] [FabricLoader/GameProvider/]: Loading Minecraft 1.21.1 Arclight arclight-1.21.1-1.0.2-SNAPSHOT-bdf278a with Fabric Loader 0.17.2
mainEx[25Aug2025 01:09:57.272] [main/WARN] [FabricLoader/Resolution/]: Warnings were found!
 - Mod 'Concurrent Chunk Management Engine' (c2me) 0.3.0+alpha.0.320+1.21.1 conflicts with any version of mod 'Better chunk loading mod' (betterchunkloading), which is present with the following versions: 1.21-5.5!
	 - While this won't prevent you from starting the game, the developer(s) of mod 'Concurrent Chunk Management Engine' (c2me) have found that this combination may cause issues. You should remove one of the mods or check for updates that resolve the issue.
 - Mod 'Debugify' (debugify) 1.21.1+1.0 recommends any version of modmenu, which is missing!
	 - You should install any version of modmenu for the optimal experience.
mainEx[25Aug2025 01:09:57.274] [main/INFO] [FabricLoader/]: Loading 169 mods:
	- almanac 1.0.2
	- alternate-current 1.9.0
	- arclight 1.0.2-SNAPSHOT+bdf278a
	   \-- fabric-permissions-api-v0 0.3.1
	- betterchunkloading 1.21-5.5
	- betterdeserttemples 1.21.1-Fabric-4.1.5
	   \-- org_reflections_reflections 0.10.2
	- betterdungeons 1.21.1-Fabric-5.1.4
	   \-- org_reflections_reflections 0.10.2
	- betterendisland 1.21.1-Fabric-3.1.2
	   \-- org_reflections_reflections 0.10.2
	- betterfortresses 1.21.1-Fabric-3.1.5
	   \-- org_reflections_reflections 0.10.2
	- betterjungletemples 1.21.1-Fabric-3.1.2
	   \-- org_reflections_reflections 0.10.2
	- bettermineshafts 1.21.1-Fabric-5.1.1
	   \-- org_reflections_reflections 0.10.2
	- betteroceanmonuments 1.21.1-Fabric-4.1.2
	   \-- org_reflections_reflections 0.10.2
	- betterstrongholds 1.21.1-Fabric-5.1.3
	   \-- org_reflections_reflections 0.10.2
	- betterwitchhuts 1.21.1-Fabric-4.1.1
	   \-- org_reflections_reflections 0.10.2
	- bluemap 5.7
	   |-- com_flowpowered_flow-math 1.0.3
	   \-- de_bluecolored_bluenbt 3.3.0
	- c2me 0.3.0+alpha.0.320+1.21.1
	   |-- c2me-base 0.3.0+alpha.0.320+1.21.1
	   |-- c2me-client-uncapvd 0.3.0+alpha.0.320+1.21.1
	   |-- c2me-fixes-chunkio-threading-issues 0.3.0+alpha.0.320+1.21.1
	   |-- c2me-fixes-general-threading-issues 0.3.0+alpha.0.320+1.21.1
	   |-- c2me-fixes-worldgen-threading-issues 0.3.0+alpha.0.320+1.21.1
	   |-- c2me-fixes-worldgen-vanilla-bugs 0.3.0+alpha.0.320+1.21.1
	   |-- c2me-notickvd 0.3.0+alpha.0.320+1.21.1
	   |-- c2me-opts-allocs 0.3.0+alpha.0.320+1.21.1
	   |-- c2me-opts-chunk-access 0.3.0+alpha.0.320+1.21.1
	   |-- c2me-opts-chunkio 0.3.0+alpha.0.320+1.21.1
	   |-- c2me-opts-dfc 0.3.0+alpha.0.320+1.21.1
	   |-- c2me-opts-math 0.3.0+alpha.0.320+1.21.1
	   |-- c2me-opts-natives-math 0.3.0+alpha.0.320+1.21.1
	   |-- c2me-opts-scheduling 0.3.0+alpha.0.320+1.21.1
	   |-- c2me-opts-worldgen-general 0.3.0+alpha.0.320+1.21.1
	   |-- c2me-opts-worldgen-vanilla 0.3.0+alpha.0.320+1.21.1
	   |-- c2me-rewrites-chunk-serializer 0.3.0+alpha.0.320+1.21.1
	   |-- c2me-rewrites-chunk-system 0.3.0+alpha.0.320+1.21.1
	   |-- c2me-rewrites-chunkio 0.3.0+alpha.0.320+1.21.1
	   |-- c2me-server-utils 0.3.0+alpha.0.320+1.21.1
	   |-- c2me-threading-lighting 0.3.0+alpha.0.320+1.21.1
	   |-- com_electronwill_night-config_core 3.6.5
	   |-- com_electronwill_night-config_toml 3.6.5
	   |-- com_ibm_async_asyncutil 0.1.0
	   |-- io_reactivex_rxjava3_rxjava 3.1.8
	   |-- mixinsquared 0.2.0-beta.6
	   |-- net_objecthunter_exp4j 0.4.8
	   |-- org_jctools_jctools-core 4.0.5
	   \-- org_reactivestreams_reactive-streams 1.0.4
	- chunky 1.4.23
	- cloth-config 15.0.140
	   \-- cloth-basic-math 0.6.1
	- clumps 19.0.0.1
	- collective 8.3
	- cupboard 1.21-2.9
	- debugify 1.21.1+1.0
	- disconnect-packet-fix 2.0.0
	- doubledoors 7.1
	- fabric-api 0.116.5+1.21.1
	   |-- fabric-api-base 0.4.42+6573ed8c19
	   |-- fabric-api-lookup-api-v1 1.6.71+b559734419
	   |-- fabric-biome-api-v1 13.0.31+d527f9fd19
	   |-- fabric-block-api-v1 1.1.0+0bc3503219
	   |-- fabric-block-view-api-v2 1.0.11+ebb2264e19
	   |-- fabric-blockrenderlayer-v1 1.1.52+0af3f5a719
	   |-- fabric-client-tags-api-v1 1.1.15+6573ed8c19
	   |-- fabric-command-api-v1 1.2.49+f71b366f19
	   |-- fabric-command-api-v2 2.2.28+6ced4dd919
	   |-- fabric-commands-v0 0.2.66+df3654b319
	   |-- fabric-content-registries-v0 8.0.19+b559734419
	   |-- fabric-convention-tags-v1 2.1.5+7f945d5b19
	   |-- fabric-convention-tags-v2 2.11.1+a406e79519
	   |-- fabric-crash-report-info-v1 0.2.29+0af3f5a719
	   |-- fabric-data-attachment-api-v1 1.4.5+6116a37819
	   |-- fabric-data-generation-api-v1 20.2.33+37516cd619
	   |-- fabric-dimensions-v1 4.0.0+6fc22b9919
	   |-- fabric-entity-events-v1 1.8.0+2b27e0a419
	   |-- fabric-events-interaction-v0 0.7.13+ba9dae0619
	   |-- fabric-game-rule-api-v1 1.0.53+6ced4dd919
	   |-- fabric-item-api-v1 11.2.0+3b3cb2e819
	   |-- fabric-item-group-api-v1 4.1.7+def88e3a19
	   |-- fabric-key-binding-api-v1 1.0.47+0af3f5a719
	   |-- fabric-keybindings-v0 0.2.45+df3654b319
	   |-- fabric-lifecycle-events-v1 2.6.0+0865547519
	   |-- fabric-loot-api-v2 3.0.15+3f89f5a519
	   |-- fabric-loot-api-v3 1.0.3+3f89f5a519
	   |-- fabric-message-api-v1 6.0.14+8aaf3aca19
	   |-- fabric-model-loading-api-v1 2.1.0+b4d813fc19
	   |-- fabric-networking-api-v1 4.3.0+c7469b2119
	   |-- fabric-object-builder-api-v1 15.2.1+40875a9319
	   |-- fabric-particles-v1 4.0.2+6573ed8c19
	   |-- fabric-recipe-api-v1 5.0.14+248df81c19
	   |-- fabric-registry-sync-v0 5.3.1+e3eddc2119
	   |-- fabric-renderer-api-v1 3.4.1+b4d813fc19
	   |-- fabric-renderer-indigo 1.7.1+c705a49c19
	   |-- fabric-renderer-registries-v1 3.2.69+df3654b319
	   |-- fabric-rendering-data-attachment-v1 0.3.49+73761d2e19
	   |-- fabric-rendering-fluids-v1 3.1.6+1daea21519
	   |-- fabric-rendering-v0 1.1.72+df3654b319
	   |-- fabric-rendering-v1 5.1.0+ab4c25a019
	   |-- fabric-resource-conditions-api-v1 4.3.0+8dc279b119
	   |-- fabric-resource-loader-v0 1.3.1+5b5275af19
	   |-- fabric-screen-api-v1 2.0.25+8b68f1c719
	   |-- fabric-screen-handler-api-v1 1.3.90+b559734419
	   |-- fabric-sound-api-v1 1.0.23+6573ed8c19
	   |-- fabric-transfer-api-v1 5.4.3+c24bd99419
	   \-- fabric-transitive-access-wideners-v1 6.2.0+45b9699719
	- fabric-language-kotlin 1.13.4+kotlin.2.2.0
	   |-- org_jetbrains_kotlin_kotlin-reflect 2.2.0
	   |-- org_jetbrains_kotlin_kotlin-stdlib 2.2.0
	   |-- org_jetbrains_kotlin_kotlin-stdlib-jdk7 2.2.0
	   |-- org_jetbrains_kotlin_kotlin-stdlib-jdk8 2.2.0
	   |-- org_jetbrains_kotlinx_atomicfu-jvm 0.28.0
	   |-- org_jetbrains_kotlinx_kotlinx-coroutines-core-jvm 1.10.2
	   |-- org_jetbrains_kotlinx_kotlinx-coroutines-jdk8 1.10.2
	   |-- org_jetbrains_kotlinx_kotlinx-datetime-jvm 0.6.2
	   |-- org_jetbrains_kotlinx_kotlinx-io-bytestring-jvm 0.7.0
	   |-- org_jetbrains_kotlinx_kotlinx-io-core-jvm 0.7.0
	   |-- org_jetbrains_kotlinx_kotlinx-serialization-cbor-jvm 1.8.1
	   |-- org_jetbrains_kotlinx_kotlinx-serialization-core-jvm 1.8.1
	   \-- org_jetbrains_kotlinx_kotlinx-serialization-json-jvm 1.8.1
	- fabricloader 0.17.2
	   \-- mixinextras 0.5.0
	- faster-random 5.1.0
	- giantspawn 5.3
	- healingcampfire 6.2
	- infinitetrading 4.6
	- inventorytotem 3.4
	- java 23
	- krypton 0.2.8
	   \-- com_velocitypowered_velocity-native 3.3.0-SNAPSHOT
	- ksyxis 1.3.4
	- letmedespawn 1.5.0
	- lithium 0.15.0+mc1.21.1
	- lithostitched 1.4.11
	- minecraft 1.21.1
	- modernfix 5.24.3+mc1.21.1
	- mr_zombies_slowyou 1.1
	- noisium 2.3.0+mc1.21-1.21.1
	- otterlib 0.2.2.0+1.21.1-fabric
	- scalablelux 0.1.0+fabric.26c6e72
	- servercore 1.5.5+1.21.1
	   |-- fabric-permissions-api-v0 0.3.1
	   |-- org_yaml_snakeyaml 2.2
	   |-- placeholder-api 2.4.1+1.21
	   |-- space_arim_dazzleconf_dazzleconf-core 1.3.0-M2
	   \-- space_arim_dazzleconf_dazzleconf-ext-snakeyaml 1.3.0-M2
	- silk-all 1.10.7
	   |-- silk-commands 1.10.7
	   |-- silk-core 1.10.7
	   |-- silk-game 1.10.7
	   |-- silk-igui 1.10.7
	   |-- silk-nbt 1.10.7
	   |-- silk-network 1.10.7
	   \-- silk-persistence 1.10.7
	- sit-oth3r 1.2.4.7+1.21-1.21.1
	- skinrestorer 2.4.3+1.21-fabric
	   \-- org_mineskin_java-client 3.0.6-SNAPSHOT
	- smoothchunk 1.21-4.1
	- structureessentials 1.21-4.8
	- tectonic 3.0.10
	- threadtweak 0.1.5+mc1.21.1
	- veinminer 2.4.2
	   |-- de_miraculixx_core_dev 2.4.2
	   \-- fabric-permissions-api-v0 0.3.1
	- viabackwards 5.4.3-SNAPSHOT
	- viafabric 0.4.15+84-main
	   |-- cotton-client-commands 1.1.0+1.15.2
	   \-- viafabric-mc1211 0.4.15+84-main
	- viarewind 4.0.10-SNAPSHOT
	- viaversion 5.5.0-SNAPSHOT
	- villagernames 8.2
	- weary_wings 0.0.1
	- yet_another_config_lib_v3 3.7.1+1.21.1-fabric
	   |-- com_twelvemonkeys_common_common-image 3.12.0
	   |-- com_twelvemonkeys_common_common-io 3.12.0
	   |-- com_twelvemonkeys_common_common-lang 3.12.0
	   |-- com_twelvemonkeys_imageio_imageio-core 3.12.0
	   |-- com_twelvemonkeys_imageio_imageio-metadata 3.12.0
	   |-- com_twelvemonkeys_imageio_imageio-webp 3.12.0
	   |-- org_quiltmc_parsers_gson 0.2.1
	   \-- org_quiltmc_parsers_json 0.2.1
	- yungsapi 1.21.1-Fabric-5.1.6
	   |-- org_javassist_javassist 3.29.2-GA
	   \-- org_reflections_reflections 0.10.2
	- yungsbridges 1.21.1-Fabric-5.1.1
	   \-- org_reflections_reflections 0.10.2
	- yungsextras 1.21.1-Fabric-5.1.1
	   \-- org_reflections_reflections 0.10.2
mainEx[25Aug2025 01:09:57.559] [main/INFO] [FabricLoader/Mixin/]: SpongePowered MIXIN Subsystem Version=0.8.7 Source=file:/home/runner/work/ActionMC/ActionMC/libraries/net/fabricmc/sponge-mixin/0.16.3+mixin.0.8.7/sponge-mixin-0.16.3+mixin.0.8.7.jar Service=Knot/Fabric Env=SERVER
mainEx[25Aug2025 01:09:57.626] [main/INFO] [FabricLoader/Mixin/]: Compatibility level set to JAVA_21
mainEx[25Aug2025 01:09:58.059] [main/INFO] [Arclight/]: Using locale en_us and fallback locale en_us
mainEx[25Aug2025 01:09:58.064] [main/INFO] [Arclight/]: 

       ___           ___     __   /\
      /   | ________/ (_)__ / /  / /
     / /| |/ __/ __/ / / _ / _ \/__/
    / ___ / / / /_/ / / / / // / /
   /_/  |/_/  \__/_/_/\_ /_//_/ /
                     /__/     \/

    Version 诸王 (Feudal Kings) / arclight-1.21.1-1.0.2-SNAPSHOT-bdf278a
    Build Date 2025-08-16 12:18:38

mainEx[25Aug2025 01:09:58.159] [main/INFO] [C2ME Modules Manager/]: Initializing com.ishland.c2me.base.mixin
mainEx[25Aug2025 01:09:58.253] [main/INFO] [C2ME Config System/]: Global Executor Parallelism: 1 configured, 1 evaluated, 1 default evaluated
mainEx[25Aug2025 01:09:58.255] [main/INFO] [C2ME Modules Manager/]: Initializing com.ishland.c2me.fixes.chunkio.threading_issues.mixin
mainEx[25Aug2025 01:09:58.257] [main/INFO] [C2ME Modules Manager/]: Initializing com.ishland.c2me.fixes.general.threading_issues.mixin
mainEx[25Aug2025 01:09:58.258] [main/INFO] [C2ME Modules Manager/]: Initializing com.ishland.c2me.fixes.worldgen.threading_issues.mixin
mainEx[25Aug2025 01:09:58.260] [main/INFO] [C2ME Modules Manager/]: Initializing com.ishland.c2me.fixes.worldgen.vanilla_bugs.mixin
mainEx[25Aug2025 01:09:58.261] [main/INFO] [C2ME Modules Manager/]: Initializing com.ishland.c2me.notickvd.mixin
mainEx[25Aug2025 01:09:58.279] [main/INFO] [C2ME Modules Manager/]: Initializing com.ishland.c2me.opts.allocs.mixin
mainEx[25Aug2025 01:09:58.280] [main/INFO] [C2ME Modules Manager/]: Initializing com.ishland.c2me.opts.chunk_access.mixin
mainEx[25Aug2025 01:09:58.281] [main/INFO] [C2ME Modules Manager/]: Initializing com.ishland.c2me.opts.chunkio.mixin
mainEx[25Aug2025 01:09:58.282] [main/INFO] [C2ME Modules Manager/]: Initializing com.ishland.c2me.opts.dfc.mixin
mainEx[25Aug2025 01:09:58.283] [main/INFO] [C2ME Modules Manager/]: Disabling com.ishland.c2me.opts.dfc.mixin
mainEx[25Aug2025 01:09:58.283] [main/INFO] [C2ME Modules Manager/]: Initializing com.ishland.c2me.opts.math.mixin
mainEx[25Aug2025 01:09:58.284] [main/INFO] [C2ME Modules Manager/]: Initializing com.ishland.c2me.opts.natives_math.mixin
mainEx[25Aug2025 01:09:58.285] [main/INFO] [C2ME Modules Manager/]: Disabling com.ishland.c2me.opts.natives_math.mixin
mainEx[25Aug2025 01:09:58.286] [main/INFO] [C2ME Modules Manager/]: Initializing com.ishland.c2me.opts.scheduling.mixin
mainEx[25Aug2025 01:09:58.288] [main/INFO] [C2ME Modules Manager/]: Initializing com.ishland.c2me.opts.worldgen.general.mixin
mainEx[25Aug2025 01:09:58.290] [main/INFO] [C2ME Modules Manager/]: Initializing com.ishland.c2me.opts.worldgen.vanilla.mixin
mainEx[25Aug2025 01:09:58.290] [main/INFO] [C2ME Modules Manager/]: Initializing com.ishland.c2me.rewrites.chunk_serializer.mixin
mainEx[25Aug2025 01:09:58.291] [main/INFO] [C2ME Modules Manager/]: Disabling com.ishland.c2me.rewrites.chunk_serializer.mixin
mainEx[25Aug2025 01:09:58.292] [main/INFO] [C2ME Modules Manager/]: Initializing com.ishland.c2me.rewrites.chunksystem.mixin
mainEx[25Aug2025 01:09:58.293] [main/INFO] [C2ME Modules Manager/]: Initializing com.ishland.c2me.rewrites.chunkio.mixin
mainEx[25Aug2025 01:09:58.294] [main/INFO] [C2ME Modules Manager/]: Initializing com.ishland.c2me.server.utils.mixin
mainEx[25Aug2025 01:09:58.295] [main/INFO] [C2ME Modules Manager/]: Initializing com.ishland.c2me.threading.lighting.mixin
mainEx[25Aug2025 01:09:58.365] [main/INFO] [LithiumConfig/]: Option 'mixin.entity.collisions.fluid' requires 'mixin.util.block_tracking=true' but found 'false'. Setting 'mixin.entity.collisions.fluid=false'.
mainEx[25Aug2025 01:09:58.365] [main/INFO] [LithiumConfig/]: Option 'mixin.experimental.entity.block_caching.block_support' requires 'mixin.util.block_tracking=true' but found 'false'. Setting 'mixin.experimental.entity.block_caching.block_support=false'.
mainEx[25Aug2025 01:09:58.365] [main/INFO] [LithiumConfig/]: Option 'mixin.experimental.entity.block_caching.fluid_pushing' requires 'mixin.util.block_tracking=true' but found 'false'. Setting 'mixin.experimental.entity.block_caching.fluid_pushing=false'.
mainEx[25Aug2025 01:09:58.365] [main/INFO] [LithiumConfig/]: Option 'mixin.experimental.entity.block_caching.block_touching' requires 'mixin.util.block_tracking=true' but found 'false'. Setting 'mixin.experimental.entity.block_caching.block_touching=false'.
mainEx[25Aug2025 01:09:58.365] [main/INFO] [LithiumConfig/]: Option 'mixin.experimental.entity.block_caching.suffocation' requires 'mixin.util.block_tracking=true' but found 'false'. Setting 'mixin.experimental.entity.block_caching.suffocation=false'.
mainEx[25Aug2025 01:09:58.365] [main/INFO] [LithiumConfig/]: Option 'mixin.experimental.entity.block_caching' requires 'mixin.util.block_tracking=true' but found 'false'. Setting 'mixin.experimental.entity.block_caching=false'.
mainEx[25Aug2025 01:09:58.367] [main/INFO] [Lithium/]: Loaded configuration file for Lithium: 149 options available, 1 override(s) found
mainEx[25Aug2025 01:09:58.438] [main/INFO] [ModernFix/]: Loaded configuration file for ModernFix 5.24.3+mc1.21.1: 64 options available, 4 override(s) found
mainEx[25Aug2025 01:09:58.439] [main/WARN] [ModernFix/]: Option 'mixin.bugfix.paper_chunk_patches' overriden (by mods [c2me]) to 'false'
mainEx[25Aug2025 01:09:58.439] [main/WARN] [ModernFix/]: Option 'mixin.perf.cache_strongholds' overriden (by mods [c2me]) to 'false'
mainEx[25Aug2025 01:09:58.439] [main/WARN] [ModernFix/]: Option 'mixin.bugfix.chunk_deadlock' overriden (by mods [c2me]) to 'false'
mainEx[25Aug2025 01:09:58.439] [main/WARN] [ModernFix/]: Option 'mixin.perf.thread_priorities' overriden (by mods [threadtweak]) to 'false'
mainEx[25Aug2025 01:09:58.439] [main/INFO] [ModernFix/]: Applying Nashorn fix
mainEx[25Aug2025 01:09:58.540] [main/WARN] [FabricLoader/Mixin/]: Reference map 'yet_another_config_lib_v3.refmap.json' for yacl.mixins.json could not be read. If this is a development environment you can ignore this message
mainEx[25Aug2025 01:09:58.540] [main/WARN] [FabricLoader/Mixin/]: Reference map 'yet_another_config_lib_v3.refmap.json' for yacl-fabric.mixins.json could not be read. If this is a development environment you can ignore this message
mainEx[25Aug2025 01:09:59.578] [main/INFO] [faster-random/]: Loading Faster Random.
mainEx[25Aug2025 01:09:59.720] [main/INFO] [com.cupboard.Cupboard/]: Loaded config for: structureessentials.json
mainEx[25Aug2025 01:10:00.102] [main/INFO] [FabricLoader/MixinExtras|Service/]: Initializing MixinExtras via com.llamalad7.mixinextras.service.MixinExtrasServiceImpl(version=0.5.0).
mainEx[25Aug2025 01:10:00.474] [main/INFO] [ThreadTweak/]: ThreadTweak config initialized
mainEx[25Aug2025 01:10:02.324] [main/WARN] [FabricLoader/Mixin/]: Method overwrite conflict for method_5736 in lithium.mixins.json:alloc.deep_passengers.EntityMixin from mod lithium, previously written by io.izzel.arclight.common.mixin.optimization.general.EntityMixin_Optimize. Skipping method.
mainEx[25Aug2025 01:10:03.773] [main/INFO] [ModernFix/]: Injecting BlockStateBase cache population hook into getOpacityIfCached from ca.spottedleaf.starlight.mixin.common.blockstate.BlockStateBaseMixin
mainEx[25Aug2025 01:10:03.773] [main/INFO] [ModernFix/]: Injecting BlockStateBase cache population hook into isConditionallyFullOpaque from ca.spottedleaf.starlight.mixin.common.blockstate.BlockStateBaseMixin
mainEx[25Aug2025 01:10:05.111] [main/WARN] [FabricLoader/Mixin/]: Static binding violation: PRIVATE @Overwrite method method_21740 in modernfix-common.mixins.json:perf.remove_biome_temperature_cache.BiomeMixin from mod modernfix cannot reduce visibiliy of PUBLIC target method, visibility will be upgraded.
mainEx[25Aug2025 01:10:05.113] [main/WARN] [FabricLoader/Mixin/]: Method overwrite conflict for method_21740 in modernfix-common.mixins.json:perf.remove_biome_temperature_cache.BiomeMixin from mod modernfix, previously written by net.caffeinemc.mods.lithium.mixin.world.temperature_cache.BiomeMixin. Skipping method.
mainEx[25Aug2025 01:10:09.938] [main/INFO] [net.minecraft.class_2966/]: Vanilla bootstrap took 8220 milliseconds
mainEx[25Aug2025 01:10:10.097] [main/INFO] [FabricLoader/Mixin/]: Instancing error handler class dev.isxander.debugify.mixinplugin.DebugifyErrorHandler
mainEx[25Aug2025 01:10:10.098] [main/WARN] [FabricLoader/Mixin/]: Mixin apply for mod betterchunkloading failed betterchunkloading.mixins.json:PlayerMovementNoUnloaded from mod betterchunkloading -> net.minecraft.class_3244: org.spongepowered.asm.mixin.injection.throwables.InvalidInjectionException InjectionPoint(Shift)[@At("INVOKE")] on net/minecraft/class_3244::onMove with priority 200 cannot inject into net/minecraft/class_3244::method_12063(Lnet/minecraft/class_2828;)V merged by io.izzel.arclight.common.mixin.core.network.ServerGamePacketListenerImplMixin with priority 500 [handler$bpj000$betterchunkloading$onMove(Lnet/minecraft/class_2828;Lorg/spongepowered/asm/mixin/injection/callback/CallbackInfo;)V -> Prepare ->  -> { target: method_12063(Lnet/minecraft/class_2828;)V }]
mainEx org.spongepowered.asm.mixin.injection.throwables.InvalidInjectionException: InjectionPoint(Shift)[@At("INVOKE")] on net/minecraft/class_3244::onMove with priority 200 cannot inject into net/minecraft/class_3244::method_12063(Lnet/minecraft/class_2828;)V merged by io.izzel.arclight.common.mixin.core.network.ServerGamePacketListenerImplMixin with priority 500 [handler$bpj000$betterchunkloading$onMove(Lnet/minecraft/class_2828;Lorg/spongepowered/asm/mixin/injection/callback/CallbackInfo;)V -> Prepare ->  -> { target: method_12063(Lnet/minecraft/class_2828;)V }]
	at org.spongepowered.asm.mixin.injection.code.Injector.findTargetNodes(Injector.java:312) ~[sponge-mixin-0.16.3+mixin.0.8.7.jar:0.16.3+mixin.0.8.7]
	at org.spongepowered.asm.mixin.injection.code.Injector.find(Injector.java:248) ~[sponge-mixin-0.16.3+mixin.0.8.7.jar:0.16.3+mixin.0.8.7]
	at org.spongepowered.asm.mixin.injection.struct.InjectionInfo.prepare(InjectionInfo.java:475) ~[sponge-mixin-0.16.3+mixin.0.8.7.jar:0.16.3+mixin.0.8.7]
	at org.spongepowered.asm.mixin.transformer.MixinTargetContext.prepareInjections(MixinTargetContext.java:1407) ~[sponge-mixin-0.16.3+mixin.0.8.7.jar:0.16.3+mixin.0.8.7]
	at org.spongepowered.asm.mixin.transformer.MixinApplicatorStandard.prepareInjections(MixinApplicatorStandard.java:731) ~[sponge-mixin-0.16.3+mixin.0.8.7.jar:0.16.3+mixin.0.8.7]
	at org.spongepowered.asm.mixin.transformer.MixinApplicatorStandard.applyMixin(MixinApplicatorStandard.java:315) ~[sponge-mixin-0.16.3+mixin.0.8.7.jar:0.16.3+mixin.0.8.7]
	at org.spongepowered.asm.mixin.transformer.MixinApplicatorStandard.apply(MixinApplicatorStandard.java:246) ~[sponge-mixin-0.16.3+mixin.0.8.7.jar:0.16.3+mixin.0.8.7]
	at org.spongepowered.asm.mixin.transformer.TargetClassContext.apply(TargetClassContext.java:437) ~[sponge-mixin-0.16.3+mixin.0.8.7.jar:0.16.3+mixin.0.8.7]
	at org.spongepowered.asm.mixin.transformer.TargetClassContext.applyMixins(TargetClassContext.java:418) ~[sponge-mixin-0.16.3+mixin.0.8.7.jar:0.16.3+mixin.0.8.7]
	at org.spongepowered.asm.mixin.transformer.MixinProcessor.applyMixins(MixinProcessor.java:352) ~[sponge-mixin-0.16.3+mixin.0.8.7.jar:0.16.3+mixin.0.8.7]
	at org.spongepowered.asm.mixin.transformer.MixinTransformer.transformClass(MixinTransformer.java:237) ~[sponge-mixin-0.16.3+mixin.0.8.7.jar:0.16.3+mixin.0.8.7]
	at org.spongepowered.asm.mixin.transformer.MixinTransformer.transformClassBytes(MixinTransformer.java:202) ~[sponge-mixin-0.16.3+mixin.0.8.7.jar:0.16.3+mixin.0.8.7]
	at net.fabricmc.loader.impl.launch.knot.KnotClassDelegate.getPostMixinClassByteArray(KnotClassDelegate.java:435) ~[fabric-loader-0.17.2.jar:?]
	at net.fabricmc.loader.impl.launch.knot.KnotClassDelegate.tryLoadClass(KnotClassDelegate.java:336) ~[fabric-loader-0.17.2.jar:?]
	at net.fabricmc.loader.impl.launch.knot.KnotClassDelegate.loadClass(KnotClassDelegate.java:231) ~[fabric-loader-0.17.2.jar:?]
	at net.fabricmc.loader.impl.launch.knot.KnotClassLoader.loadClass(KnotClassLoader.java:119) ~[fabric-loader-0.17.2.jar:?]
	at java.base/java.lang.ClassLoader.loadClass(ClassLoader.java:528) ~[?:?]
	at knot/io.izzel.arclight.fabric.ArclightModEntrypoint.onInitialize(ArclightModEntrypoint.java:14) ~[arclight-1.21.1-1.0.2-SNAPSHOT-bdf278a.jar:?]
	at net.fabricmc.loader.impl.FabricLoaderImpl.invokeEntrypoints(FabricLoaderImpl.java:405) [fabric-loader-0.17.2.jar:?]
	at net.fabricmc.loader.impl.game.minecraft.Hooks.startServer(Hooks.java:63) [fabric-loader-0.17.2.jar:?]
	at knot/net.minecraft.server.Main.main(Main.java:111) [server-intermediary.jar:?]
	at net.fabricmc.loader.impl.game.minecraft.MinecraftGameProvider.launch(MinecraftGameProvider.java:506) [fabric-loader-0.17.2.jar:?]
	at net.fabricmc.loader.impl.launch.knot.Knot.launch(Knot.java:72) [fabric-loader-0.17.2.jar:?]
	at net.fabricmc.loader.impl.launch.knot.KnotServer.main(KnotServer.java:23) [fabric-loader-0.17.2.jar:?]
	at net.fabricmc.loader.impl.launch.server.FabricServerLauncher.main(FabricServerLauncher.java:69) [fabric-loader-0.17.2.jar:?]
	at io.izzel.arclight.boot.fabric.application.Main_Fabric.main(Main_Fabric.java:33) [server.jar:arclight-1.21.1-1.0.2-SNAPSHOT-bdf278a]
	at io.izzel.arclight.server.Launcher.main(Launcher.java:39) [server.jar:arclight-1.21.1-1.0.2-SNAPSHOT-bdf278a]
[25Aug2025 01:10:10.227] [main/INFO] [com.betterchunkloading.BetterChunkLoading/]: betterchunkloading mod initialized
mainEx[25Aug2025 01:10:10.302] [main/INFO] [org.reflections.Reflections/]: Reflections took 53 ms to scan 1 urls, producing 1 keys and 2 values
mainEx[25Aug2025 01:10:10.342] [main/INFO] [org.reflections.Reflections/]: Reflections took 4 ms to scan 1 urls, producing 1 keys and 2 values
mainEx[25Aug2025 01:10:10.432] [main/INFO] [org.reflections.Reflections/]: Reflections took 7 ms to scan 1 urls, producing 1 keys and 3 values
mainEx[25Aug2025 01:10:10.453] [main/INFO] [org.reflections.Reflections/]: Reflections took 2 ms to scan 1 urls, producing 1 keys and 3 values
mainEx[25Aug2025 01:10:10.473] [main/INFO] [org.reflections.Reflections/]: Reflections took 1 ms to scan 1 urls, producing 1 keys and 2 values
mainEx[25Aug2025 01:10:10.479] [main/INFO] [org.reflections.Reflections/]: Reflections took 1 ms to scan 1 urls, producing 1 keys and 2 values
mainEx[25Aug2025 01:10:10.489] [main/INFO] [org.reflections.Reflections/]: Reflections took 2 ms to scan 1 urls, producing 1 keys and 1 values
mainEx[25Aug2025 01:10:10.508] [main/INFO] [org.reflections.Reflections/]: Reflections took 2 ms to scan 1 urls, producing 1 keys and 1 values
mainEx[25Aug2025 01:10:10.518] [main/INFO] [org.reflections.Reflections/]: Reflections took 2 ms to scan 1 urls, producing 1 keys and 3 values
mainEx[25Aug2025 01:10:10.524] [main/INFO] [org.reflections.Reflections/]: Reflections took 2 ms to scan 1 urls, producing 1 keys and 3 values
mainEx[25Aug2025 01:10:10.536] [main/INFO] [org.reflections.Reflections/]: Reflections took 2 ms to scan 1 urls, producing 1 keys and 2 values
mainEx[25Aug2025 01:10:10.558] [main/INFO] [org.reflections.Reflections/]: Reflections took 2 ms to scan 1 urls, producing 1 keys and 2 values
mainEx