[2025-08-25 10:23:55][INFO] Loading resources...
[2025-08-25 10:23:55][FINE] Loading resources from: mods/cloth-config-15.0.140-fabric.jar ...
[2025-08-25 10:23:55][FINE] Loading resources from: mods/collective-1.21.1-8.3.jar ...
[2025-08-25 10:23:55][FINE] Loading resources from: mods/fasterrandom-5.1.0.jar ...
[2025-08-25 10:23:55][FINE] Loading resources from: mods/inventorytotem-1.21.1-3.4.jar ...
[2025-08-25 10:23:55][FINE] Loading resources from: mods/doubledoors-1.21.1-7.1.jar ...
[2025-08-25 10:23:55][FINE] Loading resources from: mods/noisium-fabric-2.3.0+mc1.21-1.21.1.jar ...
[2025-08-25 10:23:55][FINE] Loading resources from: mods/lithium-fabric-0.15.0+mc1.21.1.jar ...
[2025-08-25 10:23:55][FINE] Loading resources from: mods/betterchunkloading-fabric-1.21-5.5.jar ...
[2025-08-25 10:23:55][FINE] Loading resources from: mods/bluemap-5.7-fabric.jar ...
[2025-08-25 10:23:55][FINE] Loading resources from: mods/tectonic-3.0.10-fabric-1.21.1.jar ...
[2025-08-25 10:23:55][FINE] Loading resources from: mods/krypton-0.2.8.jar ...
[2025-08-25 10:23:55][FINE] Loading resources from: mods/cupboard-fabric-1.21-2.9.jar ...
[2025-08-25 10:23:55][FINE] Loading resources from: mods/alternate-current-mc1.21-1.9.0.jar ...
[2025-08-25 10:23:55][FINE] Loading resources from: mods/c2me-fabric-mc1.21.1-0.3.0+alpha.0.320.jar ...
[2025-08-25 10:23:55][FINE] Loading resources from: mods/letmedespawn-1.21.x-fabric-1.5.0.jar ...
[2025-08-25 10:23:55][FINE] Loading resources from: mods/smoothchunk-fabric-1.21-4.1.jar ...
[2025-08-25 10:23:55][FINE] Loading resources from: mods/Weary-Wings-0.0.1+1.20.5-1.21.1.jar ...
[2025-08-25 10:23:55][FINE] Loading resources from: mods/YungsBetterMineshafts-1.21.1-Fabric-5.1.1.jar ...
[2025-08-25 10:23:55][FINE] Loading resources from: mods/silk-all-1.10.7.jar ...
[2025-08-25 10:23:55][FINE] Loading resources from: mods/servercore-fabric-1.5.5+1.21.1.jar ...
[2025-08-25 10:23:55][FINE] Loading resources from: mods/Chunky-Fabric-1.4.23.jar ...
[2025-08-25 10:23:55][FINE] Loading resources from: mods/YungsApi-1.21.1-Fabric-5.1.6.jar ...
[2025-08-25 10:23:55][FINE] Loading resources from: mods/veinminer-fabric-2.4.2 (1).jar ...
[2025-08-25 10:23:55][FINE] Loading resources from: mods/lithostitched-fabric-1.21.1-1.4.11.jar ...
[2025-08-25 10:23:55][FINE] Loading resources from: mods/threadtweak-fabric-0.1.5+mc1.21.1.jar ...
[2025-08-25 10:23:55][FINE] Loading resources from: mods/YungsBetterOceanMonuments-1.21.1-Fabric-4.1.2.jar ...
[2025-08-25 10:23:55][FINE] Loading resources from: mods/Clumps-fabric-1.21.1-19.0.0.1.jar ...
[2025-08-25 10:23:55][FINE] Loading resources from: mods/modernfix-fabric-5.24.3+mc1.21.1.jar ...
[2025-08-25 10:23:55][FINE] Loading resources from: mods/almanac-1.21.x-fabric-1.0.2.jar ...
[2025-08-25 10:23:55][FINE] Loading resources from: mods/giantspawn-1.21.1-5.3.jar ...
[2025-08-25 10:23:55][FINE] Loading resources from: mods/healingcampfire-1.21.1-6.2.jar ...
[2025-08-25 10:23:55][FINE] Loading resources from: mods/Debugify-1.21.1+1.0.jar ...
[2025-08-25 10:23:55][FINE] Loading resources from: mods/ViaRewind-4.0.10-SNAPSHOT.jar ...
[2025-08-25 10:23:55][FINE] Loading resources from: mods/ViaBackwards-5.4.3-SNAPSHOT.jar ...
[2025-08-25 10:23:55][FINE] Loading resources from: mods/YungsBetterDungeons-1.21.1-Fabric-5.1.4.jar ...
[2025-08-25 10:23:55][FINE] Loading resources from: mods/fabric-language-kotlin-1.13.4+kotlin.2.2.0 (1).jar ...
